<?xml version="1.0" encoding="UTF-8" ?>
<testsuite errors="11" failures="0" hostname="IRIS-CSG-1019" name="com.ibatis.jpetstore.presentation.AccountBeanTest" skipped="0" tests="11" time="0.153" timestamp="2018-04-19T13:18:58">
  <properties>
    <property name="java.vendor" value="Oracle Corporation" />
    <property name="sun.java.launcher" value="SUN_STANDARD" />
    <property name="sun.management.compiler" value="HotSpot 64-Bit Tiered Compilers" />
    <property name="lib" value="lib" />
    <property name="os.name" value="Windows 10" />
    <property name="sun.boot.class.path" value="C:\Program Files\Java\jdk1.8.0_131\jre\lib\resources.jar;C:\Program Files\Java\jdk1.8.0_131\jre\lib\rt.jar;C:\Program Files\Java\jdk1.8.0_131\jre\lib\sunrsasign.jar;C:\Program Files\Java\jdk1.8.0_131\jre\lib\jsse.jar;C:\Program Files\Java\jdk1.8.0_131\jre\lib\jce.jar;C:\Program Files\Java\jdk1.8.0_131\jre\lib\charsets.jar;C:\Program Files\Java\jdk1.8.0_131\jre\lib\jfr.jar;C:\Program Files\Java\jdk1.8.0_131\jre\classes" />
    <property name="sun.desktop" value="windows" />
    <property name="java.vm.specification.vendor" value="Oracle Corporation" />
    <property name="ant.home" value="C:\apache-ant-1.10.3" />
    <property name="java.runtime.version" value="1.8.0_131-b11" />
    <property name="weblib" value="webapp/WEB-INF/lib/" />
    <property name="user.name" value="rakesh.singh" />
    <property name="ant.file.JPetStore" value="F:\mike-ibatis-jpetstore-ant-master\build.xml" />
    <property name="reports" value="reports" />
    <property name="instrumentedclasses" value="work/instrumentedclasses/" />
    <property name="user.language" value="en" />
    <property name="sun.boot.library.path" value="C:\Program Files\Java\jdk1.8.0_131\jre\bin" />
    <property name="webclasses" value="webapp/WEB-INF/classes/" />
    <property name="ant.project.default-target" value="all" />
    <property name="ant.project.name" value="JPetStore" />
    <property name="junitreports" value="reports/junit/" />
    <property name="java.version" value="1.8.0_131" />
    <property name="classes" value="work/classes/" />
    <property name="user.timezone" value="" />
    <property name="webapp" value="webapp" />
    <property name="sun.arch.data.model" value="64" />
    <property name="java.endorsed.dirs" value="C:\Program Files\Java\jdk1.8.0_131\jre\lib\endorsed" />
    <property name="sun.cpu.isalist" value="amd64" />
    <property name="sun.jnu.encoding" value="Cp1252" />
    <property name="file.encoding.pkg" value="sun.io" />
    <property name="file.separator" value="\" />
    <property name="java.specification.name" value="Java Platform API Specification" />
    <property name="web" value="web" />
    <property name="java.class.version" value="52.0" />
    <property name="src" value="src" />
    <property name="user.country" value="IN" />
    <property name="ant.file.type.JPetStore" value="file" />
    <property name="java.home" value="C:\Program Files\Java\jdk1.8.0_131\jre" />
    <property name="java.vm.info" value="mixed mode" />
    <property name="ant.file" value="F:\mike-ibatis-jpetstore-ant-master\build.xml" />
    <property name="os.version" value="10.0" />
    <property name="path.separator" value=";" />
    <property name="java.vm.version" value="25.131-b11" />
    <property name="user.variant" value="" />
    <property name="ant.library.dir" value="C:\apache-ant-1.10.3\lib" />
    <property name="java.awt.printerjob" value="sun.awt.windows.WPrinterJob" />
    <property name="sun.io.unicode.encoding" value="UnicodeLittle" />
    <property name="awt.toolkit" value="sun.awt.windows.WToolkit" />
    <property name="sun.stdout.encoding" value="cp437" />
    <property name="testclasses" value="work/testclasses/" />
    <property name="user.script" value="" />
    <property name="work" value="work" />
    <property name="user.home" value="C:\Users\rakesh.singh" />
    <property name="java.specification.vendor" value="Oracle Corporation" />
    <property name="test" value="test" />
    <property name="java.library.path" value="C:\Program Files\Java\jdk1.8.0_131\jre\bin;C:\windows\Sun\Java\bin;C:\windows\system32;C:\windows;C:\ProgramData\Oracle\Java\javapath;C:\Program Files (x86)\Intel\iCLS Client\;C:\Program Files\Intel\iCLS Client\;C:\windows\system32;C:\windows;C:\windows\System32\Wbem;C:\windows\System32\WindowsPowerShell\v1.0\;C:\Program Files (x86)\Intel\Intel(R) Management Engine Components\DAL;C:\Program Files\Intel\Intel(R) Management Engine Components\DAL;C:\Program Files (x86)\Intel\Intel(R) Management Engine Components\IPT;C:\Program Files\Intel\Intel(R) Management Engine Components\IPT;c:\Program Files\Intel\WiFi\bin\;c:\Program Files\Common Files\Intel\WirelessCommon\;C:\Program Files\Microsoft SQL Server\110\Tools\Binn\;C:\Program Files (x86)\Microsoft SQL Server\110\Tools\Binn\;C:\Program Files\Microsoft SQL Server\110\DTS\Binn\;C:\Program Files (x86)\Microsoft SQL Server\110\Tools\Binn\ManagementStudio\;C:\Program Files (x86)\Microsoft Visual Studio 10.0\Common7\IDE\PrivateAssemblies\;C:\Program Files (x86)\Microsoft SQL Server\110\DTS\Binn\;C:\Program Files (x86)\Windows Kits\8.1\Windows Performance Toolkit\;C:\Program Files\Java\jdk1.8.0_131\jdk1.8.0_131\bin;C:\Program Files\Gauge\bin;C:\Program Files\Git\cmd;C:\apache-maven-3.5.0-bin\apache-maven-3.5.0\bin;C:\apache-tomcat-8.5.23-windows-x64\apache-tomcat-8.5.23\bin;C:\Program Files\Microsoft\Web Platform Installer\;C:\apache-ant-1.10.3\bin;C:\TestingWhiz Enterprise Edition\plugins\com.cygnet.autotest_6.0.0\libs;C:\Users\rakesh.singh\AppData\Local\Microsoft\WindowsApps;C:\Users\rakesh.singh\AppData\Local\GitHubDesktop\bin;." />
    <property name="java.vendor.url" value="http://java.oracle.com/" />
    <property name="java.vm.vendor" value="Oracle Corporation" />
    <property name="java.runtime.name" value="Java(TM) SE Runtime Environment" />
    <property name="sun.java.command" value="org.apache.tools.ant.taskdefs.optional.junit.JUnitTestRunner com.ibatis.jpetstore.presentation.AccountBeanTest skipNonTests=false filtertrace=true haltOnError=false haltOnFailure=false formatter=org.apache.tools.ant.taskdefs.optional.junit.SummaryJUnitResultFormatter showoutput=false outputtoformatters=true logfailedtests=true threadid=0 logtestlistenerevents=false formatter=org.apache.tools.ant.taskdefs.optional.junit.XMLJUnitResultFormatter,F:\mike-ibatis-jpetstore-ant-master\reports\junit\TEST-com.ibatis.jpetstore.presentation.AccountBeanTest.xml crashfile=F:\mike-ibatis-jpetstore-ant-master\junitvmwatcher1169402329724595055.properties propsfile=F:\mike-ibatis-jpetstore-ant-master\junit5028918828374405829.properties" />
    <property name="java.class.path" value="F:\mike-ibatis-jpetstore-ant-master\work\instrumentedclasses;F:\mike-ibatis-jpetstore-ant-master\work\classes;F:\mike-ibatis-jpetstore-ant-master\work\testclasses;F:\mike-ibatis-jpetstore-ant-master\src;F:\mike-ibatis-jpetstore-ant-master\test;F:\mike-ibatis-jpetstore-ant-master\lib\antlr.jar;F:\mike-ibatis-jpetstore-ant-master\lib\beanaction.jar;F:\mike-ibatis-jpetstore-ant-master\lib\commons-beanutils.jar;F:\mike-ibatis-jpetstore-ant-master\lib\commons-digester.jar;F:\mike-ibatis-jpetstore-ant-master\lib\commons-fileupload.jar;F:\mike-ibatis-jpetstore-ant-master\lib\commons-logging.jar;F:\mike-ibatis-jpetstore-ant-master\lib\commons-validator.jar;F:\mike-ibatis-jpetstore-ant-master\lib\hsqldb.jar;F:\mike-ibatis-jpetstore-ant-master\lib\ibatis-common-2.jar;F:\mike-ibatis-jpetstore-ant-master\lib\ibatis-dao-2.jar;F:\mike-ibatis-jpetstore-ant-master\lib\ibatis-sqlmap-2.jar;F:\mike-ibatis-jpetstore-ant-master\lib\jakarta-oro.jar;F:\mike-ibatis-jpetstore-ant-master\lib\struts.jar;F:\mike-ibatis-jpetstore-ant-master\devlib\cglib-nodep-2.1_3.jar;F:\mike-ibatis-jpetstore-ant-master\devlib\emma.jar;F:\mike-ibatis-jpetstore-ant-master\devlib\emma_ant.jar;F:\mike-ibatis-jpetstore-ant-master\devlib\jmock-1.0.1.jar;F:\mike-ibatis-jpetstore-ant-master\devlib\jmock-cglib-1.0.1.jar;F:\mike-ibatis-jpetstore-ant-master\devlib\junit-4.4.jar;F:\mike-ibatis-jpetstore-ant-master\devlib\servlet.jar;C:\apache-ant-1.10.3\lib\ant-launcher.jar;C:\apache-ant-1.10.3\lib\ant.jar;C:\apache-ant-1.10.3\lib\ant-junit.jar;C:\apache-ant-1.10.3\lib\ant-junit4.jar" />
    <property name="ant.version" value="Apache Ant(TM) version 1.10.3 compiled on March 24 2018" />
    <property name="devlib" value="devlib" />
    <property name="java.vm.specification.name" value="Java Virtual Machine Specification" />
    <property name="ant.file.type" value="file" />
    <property name="java.vm.specification.version" value="1.8" />
    <property name="sun.cpu.endian" value="little" />
    <property name="warfile" value="wars/jpetstore.war" />
    <property name="sun.os.patch.level" value="" />
    <property name="java.io.tmpdir" value="C:\Users\RAKESH~1.SIN\AppData\Local\Temp\" />
    <property name="java.vendor.url.bug" value="http://bugreport.sun.com/bugreport/" />
    <property name="java.awt.graphicsenv" value="sun.awt.Win32GraphicsEnvironment" />
    <property name="os.arch" value="amd64" />
    <property name="java.ext.dirs" value="C:\Program Files\Java\jdk1.8.0_131\jre\lib\ext;C:\windows\Sun\Java\lib\ext" />
    <property name="user.dir" value="F:\mike-ibatis-jpetstore-ant-master" />
    <property name="coveragereports" value="reports/coverage/" />
    <property name="line.separator" value="&#xd;&#xa;" />
    <property name="java.vm.name" value="Java HotSpot(TM) 64-Bit Server VM" />
    <property name="basedir" value="F:\mike-ibatis-jpetstore-ant-master" />
    <property name="ant.java.version" value="1.8" />
    <property name="ant.core.lib" value="C:\apache-ant-1.10.3\lib\ant.jar" />
    <property name="file.encoding" value="Cp1252" />
    <property name="sun.stderr.encoding" value="cp437" />
    <property name="wars" value="wars" />
    <property name="java.specification.version" value="1.8" />
    <property name="ant.project.invoked-targets" value="all" />
  </properties>
  <testcase classname="com.ibatis.jpetstore.presentation.AccountBeanTest" name="testShouldCallEditAccountFormReturningSuccess" time="0.009">
    <error message="Illegal local variable table length 5 in method com.ibatis.jpetstore.domain.Account.&lt;init&gt;()V" type="java.lang.ClassFormatError">java.lang.ClassFormatError: Illegal local variable table length 5 in method com.ibatis.jpetstore.domain.Account.&lt;init&gt;()V
	at com.ibatis.jpetstore.domain.DomainFixture.newTestAccount(DomainFixture.java:9)
	at com.ibatis.jpetstore.presentation.AccountBeanTest.testShouldCallEditAccountFormReturningSuccess(AccountBeanTest.java:72)
	at org.jmock.core.VerifyingTestCase.runBare(Unknown Source)
</error>
  </testcase>
  <testcase classname="com.ibatis.jpetstore.presentation.AccountBeanTest" name="testShouldSuccessfullyCallServicesToUpdateExistingAccount" time="0.004">
    <error message="Illegal local variable table length 5 in method com.ibatis.jpetstore.domain.Account.&lt;init&gt;()V" type="java.lang.ClassFormatError">java.lang.ClassFormatError: Illegal local variable table length 5 in method com.ibatis.jpetstore.domain.Account.&lt;init&gt;()V
	at com.ibatis.jpetstore.domain.DomainFixture.newTestAccount(DomainFixture.java:9)
	at com.ibatis.jpetstore.presentation.AccountBeanTest.testShouldSuccessfullyCallServicesToUpdateExistingAccount(AccountBeanTest.java:44)
	at org.jmock.core.VerifyingTestCase.runBare(Unknown Source)
</error>
  </testcase>
  <testcase classname="com.ibatis.jpetstore.presentation.AccountBeanTest" name="testShouldSuccessfullyCallServicesToCreateNewAccount" time="0.0">
    <error message="Illegal local variable table length 5 in method com.ibatis.jpetstore.domain.Account.&lt;init&gt;()V" type="java.lang.ClassFormatError">java.lang.ClassFormatError: Illegal local variable table length 5 in method com.ibatis.jpetstore.domain.Account.&lt;init&gt;()V
	at com.ibatis.jpetstore.domain.DomainFixture.newTestAccount(DomainFixture.java:9)
	at com.ibatis.jpetstore.presentation.AccountBeanTest.testShouldSuccessfullyCallServicesToCreateNewAccount(AccountBeanTest.java:16)
	at org.jmock.core.VerifyingTestCase.runBare(Unknown Source)
</error>
  </testcase>
  <testcase classname="com.ibatis.jpetstore.presentation.AccountBeanTest" name="testShouldFailToSignonAccount" time="0.0">
    <error message="Illegal local variable table length 5 in method com.ibatis.jpetstore.domain.Account.&lt;init&gt;()V" type="java.lang.ClassFormatError">java.lang.ClassFormatError: Illegal local variable table length 5 in method com.ibatis.jpetstore.domain.Account.&lt;init&gt;()V
	at com.ibatis.jpetstore.domain.DomainFixture.newTestAccount(DomainFixture.java:9)
	at com.ibatis.jpetstore.presentation.AccountBeanTest.testShouldFailToSignonAccount(AccountBeanTest.java:136)
	at org.jmock.core.VerifyingTestCase.runBare(Unknown Source)
</error>
  </testcase>
  <testcase classname="com.ibatis.jpetstore.presentation.AccountBeanTest" name="testShouldSignonAccount" time="0.001">
    <error message="Illegal local variable table length 5 in method com.ibatis.jpetstore.domain.Account.&lt;init&gt;()V" type="java.lang.ClassFormatError">java.lang.ClassFormatError: Illegal local variable table length 5 in method com.ibatis.jpetstore.domain.Account.&lt;init&gt;()V
	at com.ibatis.jpetstore.domain.DomainFixture.newTestAccount(DomainFixture.java:9)
	at com.ibatis.jpetstore.presentation.AccountBeanTest.testShouldSignonAccount(AccountBeanTest.java:118)
	at org.jmock.core.VerifyingTestCase.runBare(Unknown Source)
</error>
  </testcase>
  <testcase classname="com.ibatis.jpetstore.presentation.AccountBeanTest" name="testShouldSwitchPageDirection" time="0.001">
    <error message="Illegal local variable table length 5 in method com.ibatis.jpetstore.domain.Account.&lt;init&gt;()V" type="java.lang.ClassFormatError">java.lang.ClassFormatError: Illegal local variable table length 5 in method com.ibatis.jpetstore.domain.Account.&lt;init&gt;()V
	at com.ibatis.jpetstore.domain.DomainFixture.newTestAccount(DomainFixture.java:9)
	at com.ibatis.jpetstore.presentation.AccountBeanTest.testShouldSwitchPageDirection(AccountBeanTest.java:85)
	at org.jmock.core.VerifyingTestCase.runBare(Unknown Source)
</error>
  </testcase>
  <testcase classname="com.ibatis.jpetstore.presentation.AccountBeanTest" name="testShouldGetLanguages" time="0.01">
    <error message="Illegal local variable table length 5 in method com.ibatis.jpetstore.presentation.AbstractBean.&lt;init&gt;()V" type="java.lang.ClassFormatError">java.lang.ClassFormatError: Illegal local variable table length 5 in method com.ibatis.jpetstore.presentation.AbstractBean.&lt;init&gt;()V
	at com.ibatis.jpetstore.presentation.AccountBeanTest.testShouldGetLanguages(AccountBeanTest.java:159)
	at org.jmock.core.VerifyingTestCase.runBare(Unknown Source)
</error>
  </testcase>
  <testcase classname="com.ibatis.jpetstore.presentation.AccountBeanTest" name="testShouldResetBooleanOptions" time="0.0">
    <error message="Illegal local variable table length 5 in method com.ibatis.jpetstore.presentation.AbstractBean.&lt;init&gt;()V" type="java.lang.ClassFormatError">java.lang.ClassFormatError: Illegal local variable table length 5 in method com.ibatis.jpetstore.presentation.AbstractBean.&lt;init&gt;()V
	at com.ibatis.jpetstore.presentation.AccountBeanTest.testShouldResetBooleanOptions(AccountBeanTest.java:166)
	at org.jmock.core.VerifyingTestCase.runBare(Unknown Source)
</error>
  </testcase>
  <testcase classname="com.ibatis.jpetstore.presentation.AccountBeanTest" name="testShouldSignoffAccount" time="0.001">
    <error message="Illegal local variable table length 5 in method com.ibatis.jpetstore.domain.Account.&lt;init&gt;()V" type="java.lang.ClassFormatError">java.lang.ClassFormatError: Illegal local variable table length 5 in method com.ibatis.jpetstore.domain.Account.&lt;init&gt;()V
	at com.ibatis.jpetstore.domain.DomainFixture.newTestAccount(DomainFixture.java:9)
	at com.ibatis.jpetstore.presentation.AccountBeanTest.testShouldSignoffAccount(AccountBeanTest.java:98)
	at org.jmock.core.VerifyingTestCase.runBare(Unknown Source)
</error>
  </testcase>
  <testcase classname="com.ibatis.jpetstore.presentation.AccountBeanTest" name="testShouldGetCategories" time="0.0">
    <error message="Illegal local variable table length 5 in method com.ibatis.jpetstore.presentation.AbstractBean.&lt;init&gt;()V" type="java.lang.ClassFormatError">java.lang.ClassFormatError: Illegal local variable table length 5 in method com.ibatis.jpetstore.presentation.AbstractBean.&lt;init&gt;()V
	at com.ibatis.jpetstore.presentation.AccountBeanTest.testShouldGetCategories(AccountBeanTest.java:149)
	at org.jmock.core.VerifyingTestCase.runBare(Unknown Source)
</error>
  </testcase>
  <testcase classname="com.ibatis.jpetstore.presentation.AccountBeanTest" name="testShouldClearAccountBean" time="0.077">
    <error message="Expecting a stackmap frame at branch target 11&#xa;Exception Details:&#xa;  Location:&#xa;    com/ibatis/jpetstore/service/AccountService.&lt;init&gt;()V @4: ifnonnull&#xa;  Reason:&#xa;    Expected stackmap frame at this location.&#xa;  Bytecode:&#xa;    0x0000000: b200 3c59 c700 0757 b800 4603 324d 2ab7&#xa;    0x0000010: 0001 b800 024c 2a2b 1203 b900 0402 00c0&#xa;    0x0000020: 0003 b500 052c 0304 54b1               &#xa;" type="java.lang.VerifyError">java.lang.VerifyError: Expecting a stackmap frame at branch target 11
Exception Details:
  Location:
    com/ibatis/jpetstore/service/AccountService.&lt;init&gt;()V @4: ifnonnull
  Reason:
    Expected stackmap frame at this location.
  Bytecode:
    0x0000000: b200 3c59 c700 0757 b800 4603 324d 2ab7
    0x0000010: 0001 b800 024c 2a2b 1203 b900 0402 00c0
    0x0000020: 0003 b500 052c 0304 54b1               

	at java.lang.Class.getDeclaredConstructors0(Native Method)
	at java.lang.Class.privateGetDeclaredConstructors(Class.java:2671)
	at java.lang.Class.getDeclaredConstructors(Class.java:2020)
	at net.sf.cglib.proxy.Enhancer.generateClass(Enhancer.java:447)
	at net.sf.cglib.core.DefaultGeneratorStrategy.generate(DefaultGeneratorStrategy.java:25)
	at net.sf.cglib.core.AbstractClassGenerator.create(AbstractClassGenerator.java:216)
	at net.sf.cglib.proxy.Enhancer.createHelper(Enhancer.java:377)
	at net.sf.cglib.proxy.Enhancer.create(Enhancer.java:285)
	at net.sf.cglib.proxy.Enhancer.create(Enhancer.java:660)
	at org.jmock.cglib.CGLIBCoreMock.&lt;init&gt;(Unknown Source)
	at org.jmock.cglib.CGLIBCoreMock.&lt;init&gt;(Unknown Source)
	at org.jmock.cglib.MockObjectTestCase.newCoreMock(Unknown Source)
	at org.jmock.MockObjectTestCase.mock(Unknown Source)
	at org.jmock.MockObjectTestCase.mock(Unknown Source)
	at com.ibatis.jpetstore.presentation.AccountBeanTest.testShouldClearAccountBean(AccountBeanTest.java:176)
	at org.jmock.core.VerifyingTestCase.runBare(Unknown Source)
</error>
  </testcase>
  <system-out><![CDATA[]]></system-out>
  <system-err><![CDATA[]]></system-err>
</testsuite>
